0 info it worked if it ends with ok
1 verbose cli [ 'C:\\Program Files\\nodejs\\node.exe',
1 verbose cli   'C:\\Program Files\\nodejs\\node_modules\\npm\\bin\\npm-cli.js',
1 verbose cli   'install',
1 verbose cli   'highlighting' ]
2 info using npm@2.15.1
3 info using node@v4.4.4
4 verbose install initial load of D:\study\blog\package.json
5 verbose installManyTop reading scoped package data from D:\study\blog\node_modules\body-parser\package.json
6 verbose installManyTop reading scoped package data from D:\study\blog\node_modules\cookie-parser\package.json
7 verbose installManyTop reading scoped package data from D:\study\blog\node_modules\debug\package.json
8 verbose installManyTop reading scoped package data from D:\study\blog\node_modules\ejs\package.json
9 verbose installManyTop reading scoped package data from D:\study\blog\node_modules\express\package.json
10 verbose installManyTop reading scoped package data from D:\study\blog\node_modules\markdown-it\package.json
11 verbose installManyTop reading scoped package data from D:\study\blog\node_modules\mongoose\package.json
12 verbose installManyTop reading scoped package data from D:\study\blog\node_modules\morgan\package.json
13 verbose installManyTop reading scoped package data from D:\study\blog\node_modules\serve-favicon\package.json
14 verbose readDependencies loading dependencies from D:\study\blog\package.json
15 silly cache add args [ 'highlighting', null ]
16 verbose cache add spec highlighting
17 silly cache add parsed spec Result {
17 silly cache add   raw: 'highlighting',
17 silly cache add   scope: null,
17 silly cache add   name: 'highlighting',
17 silly cache add   rawSpec: '',
17 silly cache add   spec: 'latest',
17 silly cache add   type: 'tag' }
18 silly addNamed highlighting@latest
19 verbose addNamed "latest" is being treated as a dist-tag for highlighting
20 info addNameTag [ 'highlighting', 'latest' ]
21 silly mapToRegistry name highlighting
22 silly mapToRegistry using default registry
23 silly mapToRegistry registry https://registry.npmjs.org/
24 silly mapToRegistry data Result {
24 silly mapToRegistry   raw: 'highlighting',
24 silly mapToRegistry   scope: null,
24 silly mapToRegistry   name: 'highlighting',
24 silly mapToRegistry   rawSpec: '',
24 silly mapToRegistry   spec: 'latest',
24 silly mapToRegistry   type: 'tag' }
25 silly mapToRegistry uri https://registry.npmjs.org/highlighting
26 verbose addNameTag registry:https://registry.npmjs.org/highlighting not in flight; fetching
27 verbose request uri https://registry.npmjs.org/highlighting
28 verbose request no auth needed
29 info attempt registry request try #1 at 08:11:42
30 verbose request id 114ea115f3dea01c
31 http request GET https://registry.npmjs.org/highlighting
32 http 404 https://registry.npmjs.org/highlighting
33 verbose headers { 'content-type': 'application/json',
33 verbose headers   'cache-control': 'max-age=0',
33 verbose headers   'content-length': '2',
33 verbose headers   'accept-ranges': 'bytes',
33 verbose headers   date: 'Tue, 23 Aug 2016 00:11:43 GMT',
33 verbose headers   via: '1.1 varnish',
33 verbose headers   age: '0',
33 verbose headers   connection: 'keep-alive',
33 verbose headers   'x-served-by': 'cache-lhr6348-LHR',
33 verbose headers   'x-cache': 'MISS',
33 verbose headers   'x-cache-hits': '0',
33 verbose headers   'x-timer': 'S1471911103.730305,VS0,VE90',
33 verbose headers   vary: 'Accept-Encoding' }
34 silly get cb [ 404,
34 silly get   { 'content-type': 'application/json',
34 silly get     'cache-control': 'max-age=0',
34 silly get     'content-length': '2',
34 silly get     'accept-ranges': 'bytes',
34 silly get     date: 'Tue, 23 Aug 2016 00:11:43 GMT',
34 silly get     via: '1.1 varnish',
34 silly get     age: '0',
34 silly get     connection: 'keep-alive',
34 silly get     'x-served-by': 'cache-lhr6348-LHR',
34 silly get     'x-cache': 'MISS',
34 silly get     'x-cache-hits': '0',
34 silly get     'x-timer': 'S1471911103.730305,VS0,VE90',
34 silly get     vary: 'Accept-Encoding' } ]
35 verbose stack Error: Registry returned 404 for GET on https://registry.npmjs.org/highlighting
35 verbose stack     at makeError (C:\Program Files\nodejs\node_modules\npm\node_modules\npm-registry-client\lib\request.js:264:12)
35 verbose stack     at CachingRegistryClient.<anonymous> (C:\Program Files\nodejs\node_modules\npm\node_modules\npm-registry-client\lib\request.js:242:14)
35 verbose stack     at Request._callback (C:\Program Files\nodejs\node_modules\npm\node_modules\npm-registry-client\lib\request.js:172:14)
35 verbose stack     at Request.self.callback (C:\Program Files\nodejs\node_modules\npm\node_modules\request\request.js:199:22)
35 verbose stack     at emitTwo (events.js:87:13)
35 verbose stack     at Request.emit (events.js:172:7)
35 verbose stack     at Request.<anonymous> (C:\Program Files\nodejs\node_modules\npm\node_modules\request\request.js:1036:10)
35 verbose stack     at emitOne (events.js:82:20)
35 verbose stack     at Request.emit (events.js:169:7)
35 verbose stack     at IncomingMessage.<anonymous> (C:\Program Files\nodejs\node_modules\npm\node_modules\request\request.js:963:12)
36 verbose statusCode 404
37 verbose pkgid highlighting
38 verbose cwd D:\study\blog
39 error Windows_NT 10.0.10586
40 error argv "C:\\Program Files\\nodejs\\node.exe" "C:\\Program Files\\nodejs\\node_modules\\npm\\bin\\npm-cli.js" "install" "highlighting"
41 error node v4.4.4
42 error npm  v2.15.1
43 error code E404
44 error 404 Registry returned 404 for GET on https://registry.npmjs.org/highlighting
44 error 404
44 error 404 'highlighting' is not in the npm registry.
44 error 404 You should bug the author to publish it (or use the name yourself!)
44 error 404 It was specified as a dependency of 'blog'
44 error 404
44 error 404 Note that you can also install from a
44 error 404 tarball, folder, http url, or git url.
45 verbose exit [ 1, true ]
